[2025-05-19T15:49:35.530Z] Начало миграции игроков из старой базы данных
[2025-05-19T15:49:36.705Z] Получено 9 команд из старой базы данных
[2025-05-19T15:49:37.220Z] Найдено 9 команд в новой базе данных
[2025-05-19T15:49:37.620Z] Получено 206 игроков из старой базы данных
[2025-05-19T15:49:37.620Z] Сопоставлена команда: Vista (cm9b9czy00002wml9h7rtp528 -> 1d83ba7f-362b-487c-8277-1ab4c30c3793)
[2025-05-19T15:49:37.621Z] Сопоставлена команда: Junior 2012 (cm9b9d39c0003wml9tzn6x39k -> b0860cdf-6e71-48d6-8c60-444dc6075001)
[2025-05-19T15:49:37.621Z] Сопоставлена команда: Junior 2012(2) (cm9h4jxzl00e8ofdyifc7ciiv -> a06ca85b-e13b-4014-a0f1-aafde5b2adb3)
[2025-05-19T15:49:37.621Z] Сопоставлена команда: Junior 2014 (cm9h4k7l100eaofdyqj7hbyrt -> 5366abb5-898a-4811-be05-c5980d7924b0)
[2025-05-19T15:49:37.621Z] Сопоставлена команда: Junior 2015 (cm9h4kbxo00ebofdy7kmv8j8l -> 1489e1c1-c63f-4e18-8096-73f419e82d7c)
[2025-05-19T15:49:37.621Z] Сопоставлена команда: Junior 2016 (cm9h4kgfd00ecofdybb4fatgo -> a74e705a-b0b8-49a0-a954-3767ba334cc7)
[2025-05-19T15:49:37.621Z] Сопоставлена команда: Junior 2017 (cm9h4kknb00edofdyg9avvo40 -> 1821cecf-0ecc-4604-810c-16594c1bfcae)
[2025-05-19T15:49:37.621Z] Сопоставлена команда: Junior 2018-2019 (cm9h4kvdh00eeofdywbiiicpr -> 566a461d-cd6f-4239-b660-bf1743204f56)
[2025-05-19T15:49:37.621Z] Сопоставлена команда: Junior Малыши (cm9h4kzd400efofdyhu5p0io4 -> de7dd3be-9731-483d-b74b-ce40a0cfcd16)
[2025-05-19T15:49:39.969Z] Ошибка при сохранении изображения для игрока cm9bdgdha0005x3ljugob5z6d: Bucket not found
[2025-05-19T15:49:40.062Z] Успешно перенесен игрок: Oghenevwegba Okiki
[2025-05-19T15:49:41.259Z] Ошибка при сохранении изображения для игрока cm9bdhhk4000bx3lj23my1w8b: Bucket not found
[2025-05-19T15:49:41.305Z] Успешно перенесен игрок: Ogheneoruese Okiki
[2025-05-19T15:49:41.350Z] Игрок Duffour Kofi уже существует в новой базе данных
[2025-05-19T15:49:42.811Z] Ошибка при сохранении изображения для игрока cm9bdi25a000fx3ljs58gaky7: Bucket not found
[2025-05-19T15:49:42.857Z] Успешно перенесен игрок: Mohamed Soumah
[2025-05-19T15:49:42.950Z] Успешно перенесен игрок: Волков  Владислав 
[2025-05-19T15:49:43.042Z] Успешно перенесен игрок: Акопов  Данил 
[2025-05-19T15:49:43.133Z] Успешно перенесен игрок: Самойляк  Даниил 
[2025-05-19T15:49:43.224Z] Успешно перенесен игрок: Беднов  Михаил 
[2025-05-19T15:49:43.315Z] Успешно перенесен игрок: Болтов Артем 
[2025-05-19T15:49:43.406Z] Успешно перенесен игрок: Асрян  Юрий 
[2025-05-19T15:49:44.658Z] Ошибка при сохранении изображения для игрока cm9bdhs5c000dx3ljvf1h4rxc: Bucket not found
[2025-05-19T15:49:44.705Z] Успешно перенесен игрок: Lweendo Chimuka
[2025-05-19T15:49:45.546Z] Ошибка при сохранении изображения для игрока cm9bdcd020001x3ljgwb3u6cf: Bucket not found
[2025-05-19T15:49:45.598Z] Успешно перенесен игрок: Muiz Adebayo
[2025-05-19T15:49:46.482Z] Ошибка при сохранении изображения для игрока cm9iinmu00003jj0a8bf4s0pz: Bucket not found
[2025-05-19T15:49:46.528Z] Успешно перенесен игрок: Бояринцев Денис 
[2025-05-19T15:49:47.363Z] Ошибка при сохранении изображения для игрока cm9ijbybx0001la0at6ppo53i: Bucket not found
[2025-05-19T15:49:47.441Z] Успешно перенесен игрок: Бравко Даниил 
[2025-05-19T15:49:48.284Z] Ошибка при сохранении изображения для игрока cm9ijdhpy0003la0a8wlexjnx: Bucket not found
[2025-05-19T15:49:48.329Z] Успешно перенесен игрок: Глушко Савелий 
[2025-05-19T15:49:49.108Z] Ошибка при сохранении изображения для игрока cm9iaiu0e0001l70ayqqa2t0y: Bucket not found
[2025-05-19T15:49:49.155Z] Успешно перенесен игрок: Егоров  Кирилл 
[2025-05-19T15:49:50.032Z] Ошибка при сохранении изображения для игрока cm9ijoklx0001l40ag3i6ejjt: Bucket not found
[2025-05-19T15:49:50.080Z] Успешно перенесен игрок: Калугин  Никита 
[2025-05-19T15:49:51.540Z] Ошибка при сохранении изображения для игрока cm9ijzqwf000bla0atoabu9nf: Bucket not found
[2025-05-19T15:49:51.588Z] Успешно перенесен игрок: Корольков  Кирилл 
[2025-05-19T15:49:52.399Z] Ошибка при сохранении изображения для игрока cm9ik26u7000dla0azevd2o4j: Bucket not found
[2025-05-19T15:49:52.490Z] Успешно перенесен игрок: Корсаков  Матвей 
[2025-05-19T15:49:53.367Z] Ошибка при сохранении изображения для игрока cm9ik26140003l40a594rrmgs: Bucket not found
[2025-05-19T15:49:53.415Z] Успешно перенесен игрок: Малышенко  Иван
[2025-05-19T15:49:54.430Z] Ошибка при сохранении изображения для игрока cm9ik9dk80007l40adrm47g6s: Bucket not found
[2025-05-19T15:49:54.476Z] Успешно перенесен игрок: Паршиков  Леонид 
[2025-05-19T15:49:55.238Z] Ошибка при сохранении изображения для игрока cm9ikc55h000fla0as87hl3ja: Bucket not found
[2025-05-19T15:49:55.285Z] Успешно перенесен игрок: Рожков  Арсений 
[2025-05-19T15:49:56.865Z] Ошибка при сохранении изображения для игрока cm9ikpa0l000bl40a7iwjl1dr: Bucket not found
[2025-05-19T15:49:56.912Z] Успешно перенесен игрок: Свинарев  Юрий 
[2025-05-19T15:49:57.656Z] Ошибка при сохранении изображения для игрока cm9jndkz80001l10bp99od4ex: Bucket not found
[2025-05-19T15:49:57.704Z] Успешно перенесен игрок: Таланов  Артем 
[2025-05-19T15:49:58.592Z] Ошибка при сохранении изображения для игрока cm9qzxdet0001jp0ajo67gx3g: Bucket not found
[2025-05-19T15:49:58.638Z] Успешно перенесен игрок: Усачев  Виктор
[2025-05-19T15:49:58.729Z] Успешно перенесен игрок: Гегечкори  Энвер 
[2025-05-19T15:49:58.821Z] Успешно перенесен игрок: Гришин  Марк
[2025-05-19T15:49:58.911Z] Успешно перенесен игрок: Дарбинян  Ваган 
[2025-05-19T15:49:59.002Z] Успешно перенесен игрок: Дремов  Яков 
[2025-05-19T15:49:59.092Z] Успешно перенесен игрок: Есиков  Владислав 
[2025-05-19T15:49:59.183Z] Успешно перенесен игрок: Заволокин  Михаил 
[2025-05-19T15:49:59.273Z] Успешно перенесен игрок: Карказиди  Александр 
[2025-05-19T15:49:59.363Z] Успешно перенесен игрок: Кириченко  Данил 
[2025-05-19T15:49:59.453Z] Успешно перенесен игрок: Костенко  Роман 
[2025-05-19T15:50:00.242Z] Ошибка при сохранении изображения для игрока cm9bdff600003x3lj44qg7a7u: Bucket not found
[2025-05-19T15:50:00.292Z] Успешно перенесен игрок: Obi Chima
[2025-05-19T15:50:00.384Z] Успешно перенесен игрок: Метс  Никита 
[2025-05-19T15:50:00.483Z] Успешно перенесен игрок: Никифоров  Виталий 
[2025-05-19T15:50:00.585Z] Успешно перенесен игрок: Апостолов  Константин 
[2025-05-19T15:50:00.681Z] Успешно перенесен игрок: Соболев  Никита 
[2025-05-19T15:50:00.773Z] Успешно перенесен игрок: Степанян  Давид 
[2025-05-19T15:50:00.863Z] Успешно перенесен игрок: Гатилов  Ярослав 
[2025-05-19T15:50:00.960Z] Успешно перенесен игрок: Руссу  Иван 
[2025-05-19T15:50:01.056Z] Успешно перенесен игрок: Шекера  Богдан 
[2025-05-19T15:50:01.147Z] Успешно перенесен игрок: Щербаков  Дмитрий 
[2025-05-19T15:50:01.238Z] Успешно перенесен игрок: Щербаков  Тимофей 
[2025-05-19T15:50:01.330Z] Успешно перенесен игрок: Яйлян  Григорий 
[2025-05-19T15:50:01.420Z] Успешно перенесен игрок: Алисултанов  Расул 
[2025-05-19T15:50:01.512Z] Успешно перенесен игрок: Абаякин  Александр 
[2025-05-19T15:50:01.604Z] Успешно перенесен игрок: Головчанский  Илья 
[2025-05-19T15:50:01.694Z] Успешно перенесен игрок: Грибанов  Матвей 
[2025-05-19T15:50:01.785Z] Успешно перенесен игрок: Еганян  Давид 
[2025-05-19T15:50:01.876Z] Успешно перенесен игрок: Звягинцев  Митрий 
[2025-05-19T15:50:01.968Z] Успешно перенесен игрок: Исмаилов  Султан 
[2025-05-19T15:50:02.060Z] Успешно перенесен игрок: Кокаев  Валерий 
[2025-05-19T15:50:02.151Z] Успешно перенесен игрок: Набойченко  Артемий
[2025-05-19T15:50:02.243Z] Успешно перенесен игрок: Куликов  Даниил
[2025-05-19T15:50:02.335Z] Успешно перенесен игрок: Наумов  Богдан
[2025-05-19T15:50:02.427Z] Успешно перенесен игрок: Пономарев  Савелий
[2025-05-19T15:50:02.520Z] Успешно перенесен игрок: Рожков  Кирилл
[2025-05-19T15:50:02.611Z] Успешно перенесен игрок: Смирнов  Марк
[2025-05-19T15:50:02.702Z] Успешно перенесен игрок: Стэнли  Глеб
[2025-05-19T15:50:02.792Z] Успешно перенесен игрок: Сучков  Назар
[2025-05-19T15:50:02.883Z] Успешно перенесен игрок: Топольницкий  Константин 
[2025-05-19T15:50:02.973Z] Успешно перенесен игрок: Тутоян  Давид
[2025-05-19T15:50:03.064Z] Успешно перенесен игрок: Андреев  Тимофей 
[2025-05-19T15:50:03.154Z] Успешно перенесен игрок: Антонюк  Архип 
[2025-05-19T15:50:03.246Z] Успешно перенесен игрок: Горбунов  Александр
[2025-05-19T15:50:03.337Z] Успешно перенесен игрок: Губенков  Александр
[2025-05-19T15:50:03.429Z] Успешно перенесен игрок: Имамиев  Даниил
[2025-05-19T15:50:03.519Z] Успешно перенесен игрок: Козлов  Дмитрий 
[2025-05-19T15:50:03.611Z] Успешно перенесен игрок: Петровский  Максим
[2025-05-19T15:50:03.701Z] Успешно перенесен игрок: Ратиев  Всеволод
[2025-05-19T15:50:03.792Z] Успешно перенесен игрок: Сидоренко  Мирон
[2025-05-19T15:50:03.883Z] Успешно перенесен игрок: Сулико  Станислав
[2025-05-19T15:50:03.974Z] Успешно перенесен игрок: Унанян  Гаруш
[2025-05-19T15:50:04.065Z] Успешно перенесен игрок: Ефремов  Лев
[2025-05-19T15:50:04.157Z] Успешно перенесен игрок: Удинцев  Прохор
[2025-05-19T15:50:04.247Z] Успешно перенесен игрок: Заволокин  Лев
[2025-05-19T15:50:04.339Z] Успешно перенесен игрок: Исмаилов  Самир
[2025-05-19T15:50:04.430Z] Успешно перенесен игрок: Ковалев  Артем
[2025-05-19T15:50:04.521Z] Успешно перенесен игрок: Ковалев  Денис
[2025-05-19T15:50:04.612Z] Успешно перенесен игрок: Колобаев  Кирилл
[2025-05-19T15:50:04.703Z] Успешно перенесен игрок: Кузнецов  Степан
[2025-05-19T15:50:04.794Z] Успешно перенесен игрок: Кузьмичев  Артëм
[2025-05-19T15:50:04.884Z] Успешно перенесен игрок: Осипов  Георгий
[2025-05-19T15:50:04.975Z] Успешно перенесен игрок: Палаетов  Доминик
[2025-05-19T15:50:05.066Z] Успешно перенесен игрок: Пересыпкин  Сергей 
[2025-05-19T15:50:05.158Z] Успешно перенесен игрок: Погодин  Кирилл
[2025-05-19T15:50:05.250Z] Успешно перенесен игрок: Подольский  Артем
[2025-05-19T15:50:05.341Z] Успешно перенесен игрок: Попандопуло  Иван
[2025-05-19T15:50:05.435Z] Успешно перенесен игрок: Скогорева  Виктория
[2025-05-19T15:50:05.525Z] Успешно перенесен игрок: Сорвачев  Артем
[2025-05-19T15:50:05.618Z] Успешно перенесен игрок: Темекуниди  Артур
[2025-05-19T15:50:05.714Z] Успешно перенесен игрок: Тивольт  Гордей
[2025-05-19T15:50:05.805Z] Успешно перенесен игрок: Товмасян  Даниел
[2025-05-19T15:50:05.899Z] Успешно перенесен игрок: Тутоян  Даниэль
[2025-05-19T15:50:06.001Z] Успешно перенесен игрок: Фаянс  Давид
[2025-05-19T15:50:06.097Z] Успешно перенесен игрок: Антонюк  Мирон
[2025-05-19T15:50:06.190Z] Успешно перенесен игрок: Бурдейный  Ярослав
[2025-05-19T15:50:06.282Z] Успешно перенесен игрок: Геворгян  Георгий
[2025-05-19T15:50:06.375Z] Успешно перенесен игрок: Германов  Владислав
[2025-05-19T15:50:06.473Z] Успешно перенесен игрок: Комарь  Даниил
[2025-05-19T15:50:06.569Z] Успешно перенесен игрок: Кравцов  Иван
[2025-05-19T15:50:06.662Z] Успешно перенесен игрок: Курагин  Матвей
[2025-05-19T15:50:06.754Z] Успешно перенесен игрок: Мустафин  Тимур
[2025-05-19T15:50:06.845Z] Успешно перенесен игрок: Нагорняк  Роман
[2025-05-19T15:50:06.935Z] Успешно перенесен игрок: Очередник  Лаврентий
[2025-05-19T15:50:07.027Z] Успешно перенесен игрок: Сорокин  Данил
[2025-05-19T15:50:07.118Z] Успешно перенесен игрок: Сычёв  Олег
[2025-05-19T15:50:07.208Z] Успешно перенесен игрок: Терновых  Артур
[2025-05-19T15:50:07.299Z] Успешно перенесен игрок: Фокин  Артем
[2025-05-19T15:50:07.389Z] Успешно перенесен игрок: Дудоров  Владислав
[2025-05-19T15:50:07.481Z] Успешно перенесен игрок: Асрян Борис 
[2025-05-19T15:50:07.616Z] Успешно перенесен игрок: Голобородько  Николай
[2025-05-19T15:50:07.707Z] Успешно перенесен игрок: Демерчян  Михаил
[2025-05-19T15:50:07.798Z] Успешно перенесен игрок: Ильин  Артём
[2025-05-19T15:50:07.889Z] Успешно перенесен игрок: Ильин  Тимур
[2025-05-19T15:50:07.979Z] Успешно перенесен игрок: Базанов  Александр
[2025-05-19T15:50:08.070Z] Успешно перенесен игрок: Баранов  Владислав
[2025-05-19T15:50:08.160Z] Успешно перенесен игрок: Звягинцев  Георгий 
[2025-05-19T15:50:08.250Z] Успешно перенесен игрок: Казарян  Давид
[2025-05-19T15:50:08.341Z] Успешно перенесен игрок: Колбациниди  Христофор
[2025-05-19T15:50:08.434Z] Успешно перенесен игрок: Костенко  Семен
[2025-05-19T15:50:08.526Z] Успешно перенесен игрок: Кочур  Владимир
[2025-05-19T15:50:08.617Z] Успешно перенесен игрок: Маргарян  Гагик
[2025-05-19T15:50:08.710Z] Успешно перенесен игрок: Петров  Михаил
[2025-05-19T15:50:08.801Z] Успешно перенесен игрок: Попандопуло  Николай
[2025-05-19T15:50:08.892Z] Успешно перенесен игрок: Раджабов  Михаил
[2025-05-19T15:50:08.983Z] Успешно перенесен игрок: Сергеев  Егор
[2025-05-19T15:50:09.074Z] Успешно перенесен игрок: Стадниченко  Данила
[2025-05-19T15:50:09.165Z] Успешно перенесен игрок: Телегин  Кирилл
[2025-05-19T15:50:09.256Z] Успешно перенесен игрок: Точкар  Федор
[2025-05-19T15:50:09.346Z] Успешно перенесен игрок: Третяков  Дмитрий
[2025-05-19T15:50:09.437Z] Успешно перенесен игрок: Чепелюк  Владимир
[2025-05-19T15:50:09.529Z] Успешно перенесен игрок: Шаляпин  Фёдор
[2025-05-19T15:50:09.630Z] Успешно перенесен игрок: Шубодеров  Вадим
[2025-05-19T15:50:09.760Z] Успешно перенесен игрок: Беков  Тимур 
[2025-05-19T15:50:09.870Z] Успешно перенесен игрок: Величко  Богдан
[2025-05-19T15:50:09.963Z] Успешно перенесен игрок: Денискин  Иван
[2025-05-19T15:50:10.056Z] Успешно перенесен игрок: Дончук  Илья
[2025-05-19T15:50:10.149Z] Успешно перенесен игрок: Згодзинский  Сергей
[2025-05-19T15:50:10.242Z] Успешно перенесен игрок: Ивлев  Дмитрий
[2025-05-19T15:50:10.337Z] Успешно перенесен игрок: Кациди  Георгий
[2025-05-19T15:50:10.435Z] Успешно перенесен игрок: Оганисян  Тигран
[2025-05-19T15:50:10.539Z] Успешно перенесен игрок: Прозор  Владислав
[2025-05-19T15:50:10.639Z] Успешно перенесен игрок: Штык  Владимир
[2025-05-19T15:50:10.731Z] Успешно перенесен игрок: Лепшоков  Алан
[2025-05-19T15:50:10.822Z] Успешно перенесен игрок: Чупин  Мирон
[2025-05-19T15:50:11.162Z] Успешно перенесен игрок: Семенов  Иван
[2025-05-19T15:50:11.255Z] Успешно перенесен игрок: Кутерин  Василий
[2025-05-19T15:50:11.347Z] Успешно перенесен игрок: Паутов  Александр
[2025-05-19T15:50:11.437Z] Успешно перенесен игрок: Болдырев  Марк
[2025-05-19T15:50:11.528Z] Успешно перенесен игрок: Босов  Федор
[2025-05-19T15:50:11.619Z] Успешно перенесен игрок: Варкушин  Денис
[2025-05-19T15:50:11.710Z] Успешно перенесен игрок: Грищенко  Юрий
[2025-05-19T15:50:11.800Z] Успешно перенесен игрок: Киквидзе  Клим
[2025-05-19T15:50:11.891Z] Успешно перенесен игрок: Колеонидис  Николаос
[2025-05-19T15:50:11.984Z] Успешно перенесен игрок: Кузнецов  Иван
[2025-05-19T15:50:12.075Z] Успешно перенесен игрок: Курбатов  Михаил
[2025-05-19T15:50:12.165Z] Успешно перенесен игрок: Леонтьев  Владислав
[2025-05-19T15:50:12.256Z] Успешно перенесен игрок: Манчев  Марк 
[2025-05-19T15:50:12.348Z] Успешно перенесен игрок: Панаэтов  Георгий 
[2025-05-19T15:50:12.438Z] Успешно перенесен игрок: Салманов  Владислав 
[2025-05-19T15:50:12.531Z] Успешно перенесен игрок: Губарев  Кирилл 
[2025-05-19T15:50:12.621Z] Успешно перенесен игрок: Петровский  Марк 
[2025-05-19T15:50:12.712Z] Успешно перенесен игрок: Попов  Ярослав 
[2025-05-19T15:50:12.802Z] Успешно перенесен игрок: Храбров Даниэль 
[2025-05-19T15:50:12.912Z] Успешно перенесен игрок: Филиппов  Данила 
[2025-05-19T15:50:13.003Z] Успешно перенесен игрок: Стрельцов  Эдуард 
[2025-05-19T15:50:13.094Z] Успешно перенесен игрок: Егаян  Марат 
[2025-05-19T15:50:13.185Z] Успешно перенесен игрок: Котельников  Захар 
[2025-05-19T15:50:13.276Z] Успешно перенесен игрок: Шаляпин  Эмануил 
[2025-05-19T15:50:13.366Z] Успешно перенесен игрок: Шумейко  Платон 
[2025-05-19T15:50:13.456Z] Успешно перенесен игрок: Данилов  Матвей
[2025-05-19T15:50:18.367Z] Ошибка при сохранении изображения для игрока cm9bdgtjz0007x3lj8ujzsj6g: Bucket not found
[2025-05-19T15:50:18.414Z] Успешно перенесен игрок: Akomonla Angelo
[2025-05-19T15:50:20.182Z] Ошибка при сохранении изображения для игрока cma6fjvcg0007l10ar2svsdpa: Bucket not found
[2025-05-19T15:50:20.229Z] Успешно перенесен игрок: Daouda Togola
[2025-05-19T15:50:23.042Z] Ошибка при сохранении изображения для игрока cma5eb5sn0003l20a2pkezjt7: Bucket not found
[2025-05-19T15:50:23.134Z] Успешно перенесен игрок: Chris N'goran
[2025-05-19T15:50:24.448Z] Ошибка при сохранении изображения для игрока cma5eajbj0001l20aku9rti5c: Bucket not found
[2025-05-19T15:50:24.494Z] Успешно перенесен игрок: Khalil Ahmad
[2025-05-19T15:50:26.255Z] Ошибка при сохранении изображения для игрока cma6fhtb10003l10a16zdjy71: Bucket not found
[2025-05-19T15:50:26.301Z] Успешно перенесен игрок: Adedayo Akanni
[2025-05-19T15:50:27.302Z] Ошибка при сохранении изображения для игрока cma5ecl2w0009l20apz9o1469: Bucket not found
[2025-05-19T15:50:27.348Z] Успешно перенесен игрок: Fredrick Ngululu
[2025-05-19T15:50:28.233Z] Ошибка при сохранении изображения для игрока cma6fl5zk000bl10ax9nt0343: Bucket not found
[2025-05-19T15:50:28.280Z] Успешно перенесен игрок: Aloysius Thankgod
[2025-05-19T15:50:29.273Z] Ошибка при сохранении изображения для игрока cma6fh7d30001l10apvr1rm5q: Bucket not found
[2025-05-19T15:50:29.319Z] Успешно перенесен игрок: Ayomide Fagboun
[2025-05-19T15:50:30.198Z] Ошибка при сохранении изображения для игрока cma6flpnb000dl10a74kcgega: Bucket not found
[2025-05-19T15:50:30.244Z] Успешно перенесен игрок: Mohamed Atchgolo
[2025-05-19T15:50:31.713Z] Ошибка при сохранении изображения для игрока cma6fkjae0009l10aqhemrelr: Bucket not found
[2025-05-19T15:50:31.759Z] Успешно перенесен игрок: Ilyan Grinchak
[2025-05-19T15:50:31.850Z] Успешно перенесен игрок: Елшин Дмитрий 
[2025-05-19T15:50:32.796Z] Ошибка при сохранении изображения для игрока cma5ebuvv0005l20ab184kt0w: Bucket not found
[2025-05-19T15:50:32.843Z] Успешно перенесен игрок: Phiri Felix
[2025-05-19T15:50:33.736Z] Ошибка при сохранении изображения для игрока cma6fj9h20005l10aaaf8ggl3: Bucket not found
[2025-05-19T15:50:33.782Z] Успешно перенесен игрок: Janneh Senesie
[2025-05-19T15:50:35.637Z] Ошибка при сохранении изображения для игрока cma5ec5ac0007l20aqm7khqf6: Bucket not found
[2025-05-19T15:50:35.684Z] Успешно перенесен игрок: Joel Henri
[2025-05-19T15:50:36.873Z] Ошибка при сохранении изображения для игрока cm9iil92y0001jj0aspaa8qr6: Bucket not found
[2025-05-19T15:50:36.920Z] Успешно перенесен игрок: Богатырев Георгий 
[2025-05-19T15:50:37.011Z] Успешно перенесен игрок: Колесник  Тимофей 
[2025-05-19T15:50:37.102Z] Успешно перенесен игрок: Фролов  Максим 
[2025-05-19T15:50:38.198Z] Ошибка при сохранении изображения для игрока cm9iji2qw0007la0atpg8m8bc: Bucket not found
[2025-05-19T15:50:38.289Z] Успешно перенесен игрок: Жданов  Иван 
[2025-05-19T15:50:39.429Z] Ошибка при сохранении изображения для игрока cm9ijx4jd0009la0aotz3idiz: Bucket not found
[2025-05-19T15:50:39.475Z] Успешно перенесен игрок: Кальнов  Роман 
[2025-05-19T15:50:40.599Z] Ошибка при сохранении изображения для игрока cm9r08m9e0001jp0ainb22mc2: Bucket not found
[2025-05-19T15:50:40.650Z] Успешно перенесен игрок: Майовский  Захар
[2025-05-19T15:50:42.125Z] Ошибка при сохранении изображения для игрока cm9ik7ova0005l40acgok1fyc: Bucket not found
[2025-05-19T15:50:42.173Z] Успешно перенесен игрок: Мельников  Матвей 
[2025-05-19T15:50:42.265Z] Успешно перенесен игрок: Гинов  Сергей
[2025-05-19T15:50:44.586Z] Ошибка при сохранении изображения для игрока cm9ikltxx0009l40a25fspvzu: Bucket not found
[2025-05-19T15:50:44.633Z] Успешно перенесен игрок: Саввиди  Спиридон 
[2025-05-19T15:50:45.611Z] Ошибка при сохранении изображения для игрока cm9ikr9ir000dl40anj2omio8: Bucket not found
[2025-05-19T15:50:45.661Z] Успешно перенесен игрок: Согомонов  Павел 
[2025-05-19T15:50:46.628Z] Ошибка при сохранении изображения для игрока cm9r05zkr0003jp0a0nyfgf9k: Bucket not found
[2025-05-19T15:50:46.674Z] Успешно перенесен игрок: Чаталбаш  Артур
[2025-05-19T15:50:46.765Z] Успешно перенесен игрок: Дмитриев Дмитрий 
[2025-05-19T15:50:46.856Z] Успешно перенесен игрок: Николаиди  Кемаль 
[2025-05-19T15:50:46.947Z] Успешно перенесен игрок: Богданов  Артём
[2025-05-19T15:50:47.037Z] Успешно перенесен игрок: Ионов  Ярослав
[2025-05-19T15:50:47.128Z] Успешно перенесен игрок: Соболев  Данила
[2025-05-19T15:50:47.219Z] Успешно перенесен игрок: Мартыненко  Алексей
[2025-05-19T15:50:47.310Z] Успешно перенесен игрок: Жуков  Николай
[2025-05-19T15:50:47.310Z] Миграция завершена. Перенесено игроков: 205, пропущено: 1
[2025-05-19T15:55:25.310Z] Начало миграции игроков из старой базы данных
[2025-05-19T15:55:35.859Z] Критическая ошибка при миграции: Ошибка при получении команд: TypeError: fetch failed
[2025-05-19T16:00:30.703Z] Начало миграции игроков из старой базы данных
[2025-05-19T16:00:41.244Z] Критическая ошибка при миграции: Ошибка при получении команд: TypeError: fetch failed
